c:\users\yuda\documents\wechat files\wxid_0sthfmn6yook22\filestorage\file\2023-11\12333\02-bubble\02-bubble\release\vc140.pdb
c:\users\yuda\documents\wechat files\wxid_0sthfmn6yook22\filestorage\file\2023-11\12333\02-bubble\02-bubble\release\shaderprogram.obj
c:\users\yuda\documents\wechat files\wxid_0sthfmn6yook22\filestorage\file\2023-11\12333\02-bubble\02-bubble\release\shader.obj
c:\users\yuda\documents\wechat files\wxid_0sthfmn6yook22\filestorage\file\2023-11\12333\02-bubble\02-bubble\release\scene.obj
c:\users\yuda\documents\wechat files\wxid_0sthfmn6yook22\filestorage\file\2023-11\12333\02-bubble\02-bubble\release\player.obj
c:\users\yuda\documents\wechat files\wxid_0sthfmn6yook22\filestorage\file\2023-11\12333\02-bubble\02-bubble\release\otherscenes.obj
c:\users\yuda\documents\wechat files\wxid_0sthfmn6yook22\filestorage\file\2023-11\12333\02-bubble\02-bubble\release\mushroom.obj
c:\users\yuda\documents\wechat files\wxid_0sthfmn6yook22\filestorage\file\2023-11\12333\02-bubble\02-bubble\release\mushmonster.obj
c:\users\yuda\documents\wechat files\wxid_0sthfmn6yook22\filestorage\file\2023-11\12333\02-bubble\02-bubble\release\menuui.obj
c:\users\yuda\documents\wechat files\wxid_0sthfmn6yook22\filestorage\file\2023-11\12333\02-bubble\02-bubble\release\mediaplayer.obj
c:\users\yuda\documents\wechat files\wxid_0sthfmn6yook22\filestorage\file\2023-11\12333\02-bubble\02-bubble\release\main.obj
c:\users\yuda\documents\wechat files\wxid_0sthfmn6yook22\filestorage\file\2023-11\12333\02-bubble\02-bubble\release\jumpingmoney.obj
c:\users\yuda\documents\wechat files\wxid_0sthfmn6yook22\filestorage\file\2023-11\12333\02-bubble\02-bubble\release\interrogantblock.obj
c:\users\yuda\documents\wechat files\wxid_0sthfmn6yook22\filestorage\file\2023-11\12333\02-bubble\02-bubble\release\gameui.obj
c:\users\yuda\documents\wechat files\wxid_0sthfmn6yook22\filestorage\file\2023-11\12333\02-bubble\02-bubble\release\game.obj
c:\users\yuda\documents\wechat files\wxid_0sthfmn6yook22\filestorage\file\2023-11\12333\02-bubble\02-bubble\release\entity.obj
c:\users\yuda\documents\wechat files\wxid_0sthfmn6yook22\filestorage\file\2023-11\12333\02-bubble\02-bubble\release\enemy.obj
c:\users\yuda\documents\wechat files\wxid_0sthfmn6yook22\filestorage\file\2023-11\12333\02-bubble\02-bubble\release\coins.obj
c:\users\yuda\documents\wechat files\wxid_0sthfmn6yook22\filestorage\file\2023-11\12333\02-bubble\02-bubble\release\block.obj
c:\users\yuda\documents\wechat files\wxid_0sthfmn6yook22\filestorage\file\2023-11\12333\02-bubble\02-bubble\release\bigmario.obj
c:\users\yuda\documents\wechat files\wxid_0sthfmn6yook22\filestorage\file\2023-11\12333\02-bubble\02-bubble\release\backgroundmap.obj
c:\users\yuda\documents\wechat files\wxid_0sthfmn6yook22\filestorage\file\2023-11\12333\02-bubble\02-bubble\release\turtle.obj
c:\users\yuda\documents\wechat files\wxid_0sthfmn6yook22\filestorage\file\2023-11\12333\02-bubble\02-bubble\release\tilemap.obj
c:\users\yuda\documents\wechat files\wxid_0sthfmn6yook22\filestorage\file\2023-11\12333\02-bubble\02-bubble\release\texture.obj
c:\users\yuda\documents\wechat files\wxid_0sthfmn6yook22\filestorage\file\2023-11\12333\02-bubble\02-bubble\release\star.obj
c:\users\yuda\documents\wechat files\wxid_0sthfmn6yook22\filestorage\file\2023-11\12333\02-bubble\02-bubble\release\sprite.obj
c:\users\yuda\documents\wechat files\wxid_0sthfmn6yook22\filestorage\file\2023-11\12333\02-bubble\02-bubble\release\smallmario.obj
c:\users\yuda\documents\wechat files\wxid_0sthfmn6yook22\filestorage\file\2023-11\12333\02-bubble\release\02-bubble.exe
c:\users\yuda\documents\wechat files\wxid_0sthfmn6yook22\filestorage\file\2023-11\12333\02-bubble\release\02-bubble.ipdb
c:\users\yuda\documents\wechat files\wxid_0sthfmn6yook22\filestorage\file\2023-11\12333\02-bubble\release\02-bubble.iobj
c:\users\yuda\documents\wechat files\wxid_0sthfmn6yook22\filestorage\file\2023-11\12333\02-bubble\release\02-bubble.pdb
c:\users\yuda\documents\wechat files\wxid_0sthfmn6yook22\filestorage\file\2023-11\12333\02-bubble\02-bubble\release\02-bubble.tlog\cl.command.1.tlog
c:\users\yuda\documents\wechat files\wxid_0sthfmn6yook22\filestorage\file\2023-11\12333\02-bubble\02-bubble\release\02-bubble.tlog\cl.read.1.tlog
c:\users\yuda\documents\wechat files\wxid_0sthfmn6yook22\filestorage\file\2023-11\12333\02-bubble\02-bubble\release\02-bubble.tlog\cl.write.1.tlog
c:\users\yuda\documents\wechat files\wxid_0sthfmn6yook22\filestorage\file\2023-11\12333\02-bubble\02-bubble\release\02-bubble.tlog\link.command.1.tlog
c:\users\yuda\documents\wechat files\wxid_0sthfmn6yook22\filestorage\file\2023-11\12333\02-bubble\02-bubble\release\02-bubble.tlog\link.read.1.tlog
c:\users\yuda\documents\wechat files\wxid_0sthfmn6yook22\filestorage\file\2023-11\12333\02-bubble\02-bubble\release\02-bubble.tlog\link.write.1.tlog
