  Turtle.cpp
  TileMap.cpp
c:\users\youar\documents\github\supermariobros\02-bubble\02-bubble\tilemap.cpp(100): warning C4018: '<': signed/unsigned mismatch
  Texture.cpp
  Star.cpp
  Sprite.cpp
  SmallMario.cpp
  ShaderProgram.cpp
  Shader.cpp
  Scene.cpp
c:\users\youar\documents\github\supermariobros\02-bubble\02-bubble\scene.cpp(96): warning C4018: '<': signed/unsigned mismatch
c:\users\youar\documents\github\supermariobros\02-bubble\02-bubble\scene.cpp(105): warning C4018: '<': signed/unsigned mismatch
c:\users\youar\documents\github\supermariobros\02-bubble\02-bubble\scene.cpp(118): warning C4018: '<': signed/unsigned mismatch
c:\users\youar\documents\github\supermariobros\02-bubble\02-bubble\scene.cpp(132): warning C4018: '<': signed/unsigned mismatch
c:\users\youar\documents\github\supermariobros\02-bubble\02-bubble\scene.cpp(141): warning C4018: '<': signed/unsigned mismatch
c:\users\youar\documents\github\supermariobros\02-bubble\02-bubble\scene.cpp(374): warning C4018: '<': signed/unsigned mismatch
c:\users\youar\documents\github\supermariobros\02-bubble\02-bubble\scene.cpp(416): warning C4018: '<': signed/unsigned mismatch
c:\users\youar\documents\github\supermariobros\02-bubble\02-bubble\scene.cpp(546): warning C4018: '<': signed/unsigned mismatch
c:\users\youar\documents\github\supermariobros\02-bubble\02-bubble\scene.cpp(556): warning C4018: '<': signed/unsigned mismatch
c:\users\youar\documents\github\supermariobros\02-bubble\02-bubble\scene.cpp(570): warning C4018: '<': signed/unsigned mismatch
c:\users\youar\documents\github\supermariobros\02-bubble\02-bubble\scene.cpp(582): warning C4018: '<': signed/unsigned mismatch
c:\users\youar\documents\github\supermariobros\02-bubble\02-bubble\scene.cpp(593): warning C4018: '<': signed/unsigned mismatch
c:\users\youar\documents\github\supermariobros\02-bubble\02-bubble\scene.cpp(609): warning C4018: '<': signed/unsigned mismatch
c:\users\youar\documents\github\supermariobros\02-bubble\02-bubble\scene.cpp(621): warning C4018: '<': signed/unsigned mismatch
c:\users\youar\documents\github\supermariobros\02-bubble\02-bubble\scene.cpp(634): warning C4018: '<': signed/unsigned mismatch
c:\users\youar\documents\github\supermariobros\02-bubble\02-bubble\scene.cpp(647): warning C4018: '<': signed/unsigned mismatch
c:\users\youar\documents\github\supermariobros\02-bubble\02-bubble\scene.cpp(660): warning C4018: '<': signed/unsigned mismatch
  Player.cpp
c:\users\youar\documents\github\supermariobros\02-bubble\02-bubble\player.cpp(363): warning C4244: '=': conversion from 'float' to 'int', possible loss of data
  OtherScenes.cpp
c:\users\youar\documents\github\supermariobros\02-bubble\02-bubble\otherscenes.cpp(116): warning C4018: '<': signed/unsigned mismatch
  MushRoom.cpp
  MushMonster.cpp
  MenuUI.cpp
c:\users\youar\documents\github\supermariobros\02-bubble\02-bubble\menuui.cpp(69): warning C4018: '<': signed/unsigned mismatch
  MediaPlayer.cpp
  main.cpp
c:\users\youar\documents\github\supermariobros\02-bubble\02-bubble\main.cpp(89): warning C4244: 'argument': conversion from 'double' to 'int', possible loss of data
  JumpingMoney.cpp
  InterrogantBlock.cpp
  GameUI.cpp
c:\users\youar\documents\github\supermariobros\02-bubble\02-bubble\gameui.cpp(32): warning C4018: '<': signed/unsigned mismatch
c:\users\youar\documents\github\supermariobros\02-bubble\02-bubble\gameui.cpp(166): warning C4018: '<': signed/unsigned mismatch
c:\users\youar\documents\github\supermariobros\02-bubble\02-bubble\gameui.cpp(442): warning C4244: 'argument': conversion from 'float' to 'int', possible loss of data
c:\users\youar\documents\github\supermariobros\02-bubble\02-bubble\gameui.cpp(457): warning C4244: 'argument': conversion from 'float' to 'int', possible loss of data
c:\users\youar\documents\github\supermariobros\02-bubble\02-bubble\gameui.cpp(483): warning C4244: '=': conversion from 'int' to 'float', possible loss of data
  Game.cpp
  Generating Code...
c:\users\youar\documents\github\supermariobros\02-bubble\02-bubble\tilemap.cpp(286): warning C4715: 'TileMap::posInt': not all control paths return a value
  Compiling...
  Entity.cpp
  Enemy.cpp
  Coins.cpp
  Block.cpp
  BigMario.cpp
  BackgroundMap.cpp
c:\users\youar\documents\github\supermariobros\02-bubble\02-bubble\backgroundmap.cpp(101): warning C4018: '<': signed/unsigned mismatch
  Generating Code...
SOIL.lib(image_DXT.obj) : warning LNK4099: PDB 'vc100.pdb' was not found with 'SOIL.lib(image_DXT.obj)' or at 'C:\Users\youar\Documents\GitHub\SuperMarioBros\02-Bubble\Debug\vc100.pdb'; linking object as if no debug info
SOIL.lib(image_helper.obj) : warning LNK4099: PDB 'vc100.pdb' was not found with 'SOIL.lib(image_helper.obj)' or at 'C:\Users\youar\Documents\GitHub\SuperMarioBros\02-Bubble\Debug\vc100.pdb'; linking object as if no debug info
SOIL.lib(SOIL.obj) : warning LNK4099: PDB 'vc100.pdb' was not found with 'SOIL.lib(SOIL.obj)' or at 'C:\Users\youar\Documents\GitHub\SuperMarioBros\02-Bubble\Debug\vc100.pdb'; linking object as if no debug info
SOIL.lib(stb_image_aug.obj) : warning LNK4099: PDB 'vc100.pdb' was not found with 'SOIL.lib(stb_image_aug.obj)' or at 'C:\Users\youar\Documents\GitHub\SuperMarioBros\02-Bubble\Debug\vc100.pdb'; linking object as if no debug info
  02-Bubble.vcxproj -> C:\Users\youar\Documents\GitHub\SuperMarioBros\02-Bubble\Debug\02-Bubble.exe
  02-Bubble.vcxproj -> C:\Users\youar\Documents\GitHub\SuperMarioBros\02-Bubble\Debug\02-Bubble.pdb (Full PDB)
