c:\users\youar\documents\github\supermariobros\02-bubble\02-bubble\debug\vc140.pdb
c:\users\youar\documents\github\supermariobros\02-bubble\02-bubble\debug\vc140.idb
c:\users\youar\documents\github\supermariobros\02-bubble\02-bubble\debug\game.obj
c:\users\youar\documents\github\supermariobros\02-bubble\02-bubble\debug\gameui.obj
c:\users\youar\documents\github\supermariobros\02-bubble\02-bubble\debug\interrogantblock.obj
c:\users\youar\documents\github\supermariobros\02-bubble\02-bubble\debug\jumpingmoney.obj
c:\users\youar\documents\github\supermariobros\02-bubble\02-bubble\debug\main.obj
c:\users\youar\documents\github\supermariobros\02-bubble\02-bubble\debug\mediaplayer.obj
c:\users\youar\documents\github\supermariobros\02-bubble\02-bubble\debug\menuui.obj
c:\users\youar\documents\github\supermariobros\02-bubble\02-bubble\debug\mushmonster.obj
c:\users\youar\documents\github\supermariobros\02-bubble\02-bubble\debug\mushroom.obj
c:\users\youar\documents\github\supermariobros\02-bubble\02-bubble\debug\otherscenes.obj
c:\users\youar\documents\github\supermariobros\02-bubble\02-bubble\debug\player.obj
c:\users\youar\documents\github\supermariobros\02-bubble\02-bubble\debug\scene.obj
c:\users\youar\documents\github\supermariobros\02-bubble\02-bubble\debug\shader.obj
c:\users\youar\documents\github\supermariobros\02-bubble\02-bubble\debug\shaderprogram.obj
c:\users\youar\documents\github\supermariobros\02-bubble\02-bubble\debug\smallmario.obj
c:\users\youar\documents\github\supermariobros\02-bubble\02-bubble\debug\sprite.obj
c:\users\youar\documents\github\supermariobros\02-bubble\02-bubble\debug\star.obj
c:\users\youar\documents\github\supermariobros\02-bubble\02-bubble\debug\texture.obj
c:\users\youar\documents\github\supermariobros\02-bubble\02-bubble\debug\tilemap.obj
c:\users\youar\documents\github\supermariobros\02-bubble\02-bubble\debug\turtle.obj
c:\users\youar\documents\github\supermariobros\02-bubble\02-bubble\debug\backgroundmap.obj
c:\users\youar\documents\github\supermariobros\02-bubble\02-bubble\debug\bigmario.obj
c:\users\youar\documents\github\supermariobros\02-bubble\02-bubble\debug\block.obj
c:\users\youar\documents\github\supermariobros\02-bubble\02-bubble\debug\coins.obj
c:\users\youar\documents\github\supermariobros\02-bubble\02-bubble\debug\enemy.obj
c:\users\youar\documents\github\supermariobros\02-bubble\02-bubble\debug\entity.obj
c:\users\youar\documents\github\supermariobros\02-bubble\debug\02-bubble.ilk
c:\users\youar\documents\github\supermariobros\02-bubble\debug\02-bubble.exe
c:\users\youar\documents\github\supermariobros\02-bubble\debug\02-bubble.pdb
c:\users\youar\documents\github\supermariobros\02-bubble\02-bubble\debug\02-bubble.tlog\cl.command.1.tlog
c:\users\youar\documents\github\supermariobros\02-bubble\02-bubble\debug\02-bubble.tlog\cl.read.1.tlog
c:\users\youar\documents\github\supermariobros\02-bubble\02-bubble\debug\02-bubble.tlog\cl.write.1.tlog
c:\users\youar\documents\github\supermariobros\02-bubble\02-bubble\debug\02-bubble.tlog\link.command.1.tlog
c:\users\youar\documents\github\supermariobros\02-bubble\02-bubble\debug\02-bubble.tlog\link.read.1.tlog
c:\users\youar\documents\github\supermariobros\02-bubble\02-bubble\debug\02-bubble.tlog\link.write.1.tlog
